Time[ps]    Etot/N[eV]   Epot/N[eV]   Ekin/N[eV]    T[K]      ---------------------- stress [GPa] -----------------------
0.0000           0.0338      -0.0057       0.0395   305.3      1.864      1.771      1.835      0.037      0.018      0.018
0.0500           0.0351       0.0243       0.0108    83.3      0.493      0.644      0.502      0.083     -0.009     -0.093
0.1000           0.0377       0.0170       0.0208   160.8      0.775      0.800      0.821      0.100     -0.068     -0.142
0.1500           0.0398       0.0156       0.0242   187.4      0.940      0.890      0.758      0.058     -0.160     -0.050
0.2000           0.0421       0.0166       0.0256   197.7      0.877      0.815      0.701      0.137     -0.113     -0.064
0.2500           0.0441       0.0199       0.0242   187.4      0.571      0.828      0.440      0.081     -0.081     -0.140
0.3000           0.0451       0.0209       0.0241   186.8      0.627      0.569      0.521     -0.092     -0.079     -0.063
0.3500           0.0456       0.0171       0.0286   221.0      0.770      0.819      0.621      0.057      0.069     -0.089
0.4000           0.0472       0.0219       0.0253   195.7      0.547      0.565      0.394     -0.011      0.174     -0.147
0.4500           0.0498       0.0229       0.0269   207.9      0.508      0.420      0.342      0.075     -0.113     -0.148
0.5000           0.0530       0.0237       0.0293   226.7      0.369      0.452      0.302      0.040      0.188     -0.056
0.5500           0.0524       0.0231       0.0294   227.1      0.455      0.347      0.386      0.139      0.013     -0.004
0.6000           0.0548       0.0266       0.0282   218.1      0.388      0.237      0.100      0.054      0.130     -0.320
0.6500           0.0558       0.0238       0.0320   247.6      0.342      0.357      0.261     -0.099     -0.118     -0.131
0.7000           0.0556       0.0272       0.0284   220.0      0.246      0.037      0.283      0.065     -0.102     -0.245
0.7500           0.0573       0.0254       0.0319   246.8      0.349      0.219      0.241      0.043     -0.152     -0.068
0.8000           0.0572       0.0251       0.0322   248.9      0.233      0.239      0.399      0.106      0.039     -0.105
0.8500           0.0620       0.0266       0.0354   274.1      0.197      0.235      0.019      0.170     -0.123      0.016
0.9000           0.0621       0.0276       0.0345   267.1      0.159      0.173      0.064      0.159     -0.025      0.086
0.9500           0.0633       0.0311       0.0323   249.8      0.152     -0.089     -0.011      0.057     -0.170      0.118
1.0000           0.0651       0.0279       0.0372   287.8      0.155      0.013      0.107      0.217     -0.065     -0.026
1.0500           0.0679       0.0314       0.0366   282.8     -0.001     -0.143     -0.095      0.093     -0.025     -0.191
1.1000           0.0692       0.0308       0.0385   297.6      0.059      0.181     -0.335      0.027     -0.015     -0.006
1.1500           0.0691       0.0354       0.0337   260.4     -0.199     -0.247     -0.305      0.099      0.151      0.060
1.2000           0.0668       0.0302       0.0366   282.8      0.005     -0.120     -0.008     -0.010      0.173     -0.026
1.2500           0.0699       0.0313       0.0387   299.1      0.077     -0.250     -0.068     -0.054      0.064      0.073
1.3000           0.0687       0.0301       0.0386   298.8      0.181      0.043     -0.251      0.015      0.005     -0.037
1.3500           0.0700       0.0294       0.0405   313.6     -0.049     -0.049      0.051      0.011      0.066     -0.153
1.4000           0.0707       0.0378       0.0329   254.3     -0.525     -0.357     -0.223      0.230     -0.015     -0.210
1.4500           0.0670       0.0279       0.0391   302.5      0.137      0.013      0.116     -0.034     -0.032     -0.204
1.5000           0.0667       0.0319       0.0348   269.3     -0.171     -0.062      0.063      0.055     -0.068     -0.079
1.5500           0.0693       0.0311       0.0382   295.2     -0.038      0.010     -0.146      0.050     -0.088     -0.143
1.6000           0.0689       0.0323       0.0366   282.9     -0.164      0.072     -0.213     -0.135     -0.068     -0.227
1.6500           0.0683       0.0307       0.0377   291.4     -0.211      0.039      0.034     -0.107     -0.015     -0.342
1.7000           0.0727       0.0337       0.0390   301.8     -0.236     -0.088     -0.294     -0.125      0.097      0.128
1.7500           0.0726       0.0354       0.0373   288.5     -0.195     -0.294     -0.356      0.276     -0.046     -0.090
1.8000           0.0752       0.0346       0.0406   314.0     -0.148     -0.323     -0.330      0.127      0.123      0.127
1.8500           0.0744       0.0335       0.0408   315.7     -0.297     -0.299     -0.133      0.059     -0.119     -0.270
1.9000           0.0757       0.0325       0.0431   333.8     -0.237      0.010     -0.357      0.241     -0.010     -0.159
1.9500           0.0747       0.0378       0.0369   285.7     -0.451     -0.213     -0.452      0.302     -0.125     -0.181
2.0000           0.0748       0.0353       0.0395   305.4     -0.394     -0.361     -0.223      0.233     -0.027      0.059
2.0500           0.0748       0.0346       0.0402   311.2     -0.471     -0.148     -0.250      0.063      0.149      0.134
2.1000           0.0760       0.0348       0.0413   319.2     -0.078     -0.519     -0.321      0.076     -0.100     -0.010
2.1500           0.0751       0.0355       0.0396   306.3     -0.258     -0.119     -0.562     -0.039     -0.086     -0.108
2.2000           0.0716       0.0320       0.0396   306.6     -0.195     -0.177     -0.072      0.026      0.026     -0.093
2.2500           0.0716       0.0361       0.0355   274.4     -0.229     -0.219     -0.475      0.071      0.172      0.056
2.3000           0.0723       0.0310       0.0413   319.6      0.053      0.117     -0.449     -0.163     -0.019     -0.060
2.3500           0.0693       0.0353       0.0340   262.9     -0.254     -0.262     -0.279      0.236      0.207      0.032
2.4000           0.0697       0.0290       0.0407   314.8      0.102      0.081     -0.215     -0.094     -0.205     -0.107
2.4500           0.0697       0.0294       0.0403   311.9     -0.251      0.353     -0.135      0.045     -0.135     -0.048
2.5000           0.0672       0.0348       0.0323   250.1     -0.244     -0.270     -0.143      0.012     -0.062     -0.040
2.5500           0.0662       0.0287       0.0375   290.2     -0.035      0.237     -0.054     -0.198      0.058     -0.056
2.6000           0.0665       0.0310       0.0355   274.5      0.097     -0.102     -0.211     -0.327      0.239      0.095
2.6500           0.0623       0.0308       0.0315   243.9      0.057      0.127     -0.251     -0.023      0.208     -0.068
2.7000           0.0631       0.0277       0.0354   273.9      0.141      0.363     -0.161      0.003      0.164     -0.060
2.7500           0.0593       0.0232       0.0360   278.8      0.395      0.468      0.167     -0.223      0.066      0.018
2.8000           0.0624       0.0289       0.0335   259.2      0.223      0.096     -0.126     -0.203      0.041      0.098
2.8500           0.0625       0.0316       0.0309   239.1     -0.024      0.278     -0.287      0.042      0.188     -0.032
2.9000           0.0643       0.0272       0.0371   287.1      0.037      0.250      0.148      0.148     -0.025      0.262
2.9500           0.0641       0.0330       0.0311   240.5     -0.178     -0.023     -0.145      0.071     -0.160      0.303
3.0000           0.0632       0.0261       0.0371   287.0      0.169      0.221      0.215      0.041     -0.232      0.094
3.0500           0.0633       0.0297       0.0336   260.1      0.070     -0.039      0.145      0.086      0.030     -0.116
3.1000           0.0634       0.0294       0.0340   262.7     -0.059      0.204     -0.053      0.198     -0.021      0.091
3.1500           0.0650       0.0286       0.0364   281.7      0.139      0.101      0.067     -0.092     -0.054     -0.009
3.2000           0.0675       0.0334       0.0341   263.8     -0.126      0.045     -0.390     -0.069      0.013      0.065
3.2500           0.0700       0.0306       0.0394   305.0     -0.220      0.008     -0.039      0.168      0.021     -0.113
3.3000           0.0687       0.0300       0.0387   299.2      0.193     -0.161     -0.057     -0.021     -0.152      0.032
3.3500           0.0663       0.0302       0.0361   279.5     -0.014      0.091     -0.106     -0.073     -0.133      0.213
3.4000           0.0657       0.0294       0.0364   281.4     -0.082      0.133      0.010      0.219      0.106      0.134
3.4500           0.0654       0.0304       0.0350   270.4     -0.018      0.022     -0.083      0.054      0.038      0.172
3.5000           0.0661       0.0297       0.0364   281.5      0.102      0.061     -0.111     -0.093     -0.013      0.008
3.5500           0.0687       0.0324       0.0363   280.7     -0.183      0.102     -0.201      0.012     -0.079      0.005
3.6000           0.0649       0.0288       0.0361   279.5      0.017      0.013      0.156      0.079      0.113      0.091
3.6500           0.0640       0.0296       0.0344   266.5     -0.117      0.039      0.113      0.054      0.214      0.141
3.7000           0.0656       0.0283       0.0373   288.2      0.045      0.266      0.020     -0.005      0.224     -0.016
3.7500           0.0650       0.0283       0.0367   284.2      0.137      0.149      0.003      0.096     -0.001      0.022
3.8000           0.0657       0.0321       0.0336   259.8      0.022      0.049     -0.337      0.009      0.033     -0.073
3.8500           0.0655       0.0267       0.0388   300.1      0.283      0.130      0.089     -0.049     -0.084     -0.094
3.9000           0.0623       0.0301       0.0322   248.9      0.026      0.073      0.062      0.114      0.062     -0.050
3.9500           0.0628       0.0274       0.0355   274.5      0.133      0.308      0.040      0.027     -0.068      0.140
4.0000           0.0678       0.0330       0.0348   269.5     -0.099      0.138     -0.327      0.166     -0.095      0.172
4.0500           0.0653       0.0279       0.0375   290.0     -0.128      0.299      0.220      0.023      0.012      0.012
4.1000           0.0606       0.0286       0.0320   247.4      0.234      0.311     -0.203     -0.010     -0.079     -0.090
4.1500           0.0632       0.0295       0.0338   261.4     -0.011      0.168      0.004     -0.091      0.165     -0.096
4.2000           0.0672       0.0304       0.0368   284.5      0.052      0.201     -0.345     -0.210     -0.046      0.146
4.2500           0.0664       0.0340       0.0324   250.9     -0.167      0.070     -0.388      0.035      0.023     -0.049
4.3000           0.0656       0.0279       0.0377   292.0      0.118      0.145     -0.033     -0.038     -0.088     -0.048
4.3500           0.0647       0.0289       0.0358   276.7      0.073      0.110      0.013      0.058     -0.117     -0.246
4.4000           0.0670       0.0320       0.0350   270.6     -0.129      0.022     -0.241      0.024      0.008     -0.053
4.4500           0.0679       0.0330       0.0349   269.9     -0.259      0.208     -0.407      0.053      0.193      0.059
4.5000           0.0677       0.0288       0.0389   301.1      0.065     -0.020      0.018      0.013      0.120     -0.126
4.5500           0.0673       0.0304       0.0369   285.7     -0.134      0.092     -0.082     -0.048     -0.106     -0.126
4.6000           0.0665       0.0294       0.0371   287.3      0.155      0.051     -0.184      0.079     -0.014     -0.004
4.6500           0.0703       0.0347       0.0356   275.7     -0.084     -0.288     -0.348     -0.082     -0.043     -0.193
4.7000           0.0704       0.0315       0.0389   301.1     -0.327     -0.004      0.043      0.091      0.050      0.096
4.7500           0.0696       0.0322       0.0375   289.9     -0.234     -0.125      0.012      0.164     -0.019      0.058
4.8000           0.0715       0.0329       0.0386   298.3     -0.332     -0.097     -0.110      0.126      0.003      0.082
4.8500           0.0707       0.0303       0.0404   312.5      0.031     -0.024     -0.144     -0.066      0.105      0.036
4.9000           0.0712       0.0332       0.0380   293.6     -0.169     -0.199     -0.118     -0.211     -0.030      0.046
4.9500           0.0713       0.0355       0.0358   276.9     -0.359     -0.284     -0.215      0.105     -0.014      0.063
5.0000           0.0721       0.0321       0.0400   309.3     -0.163      0.002     -0.407     -0.036     -0.154     -0.157
